<?xml version="1.0" encoding="UTF-8"?>
<!-- Generated by org.testng.reporters.JUnitReportReporter -->
<testsuite hostname="DESKTOP-JER1GPA" failures="0" tests="2" name="swethapanchumarthy.Tests.SubmitOrderTest" time="22.424" errors="0" timestamp="2024-10-19T15:45:14 IST" skipped="0">
  <testcase classname="swethapanchumarthy.Tests.SubmitOrderTest" name="submitOrder" time="13.943"/>
  <testcase classname="swethapanchumarthy.Tests.SubmitOrderTest" name="OrderHistoryTest" time="8.481"/>
</testsuite> <!-- swethapanchumarthy.Tests.SubmitOrderTest -->
