<?xml version="1.0" encoding="UTF-8"?>
<!-- Generated by org.testng.reporters.JUnitReportReporter -->
<testsuite hostname="DESKTOP-JER1GPA" failures="0" tests="2" name="swethapanchumarthy.Tests.ErrorValidations" time="22.022" errors="0" timestamp="2024-10-19T15:45:14 IST" skipped="0">
  <testcase classname="swethapanchumarthy.Tests.ErrorValidations" name="loginErrorValidation" time="8.339"/>
  <testcase classname="swethapanchumarthy.Tests.ErrorValidations" name="productErrorValidation" time="13.683"/>
</testsuite> <!-- swethapanchumarthy.Tests.ErrorValidations -->
